Using pre-set license
Built from '2022.3/staging' branch; Version is '2022.3.16f1 (d2c21f0ef2f1) revision 13812255'; Using compiler version '192829333'; Build Type 'Release'
OS: 'Windows 11  (10.0.22621) 64bit Professional' Language: 'es' Physical Memory: 16173 MB
BatchMode: 1, IsHumanControllingUs: 0, StartBugReporterOnCrash: 0, Is64bit: 1, IsPro: 1

COMMAND LINE ARGUMENTS:
C:\Program Files\Unity\Hub\Editor\2022.3.16f1\Editor\Unity.exe
-adb2
-batchMode
-noUpm
-name
AssetImportWorker2
-projectPath
C:/Users/batam/CarGame
-logFile
Logs/AssetImportWorker2.log
-srvPort
61416
Successfully changed project path to: C:/Users/batam/CarGame
C:/Users/batam/CarGame
[UnityMemory] Configuration Parameters - Can be set up in boot.config
    "memorysetup-bucket-allocator-granularity=16"
    "memorysetup-bucket-allocator-bucket-count=8"
    "memorysetup-bucket-allocator-block-size=33554432"
    "memorysetup-bucket-allocator-block-count=8"
    "memorysetup-main-allocator-block-size=16777216"
    "memorysetup-thread-allocator-block-size=16777216"
    "memorysetup-gfx-main-allocator-block-size=16777216"
    "memorysetup-gfx-thread-allocator-block-size=16777216"
    "memorysetup-cache-allocator-block-size=4194304"
    "memorysetup-typetree-allocator-block-size=2097152"
    "memorysetup-profiler-bucket-allocator-granularity=16"
    "memorysetup-profiler-bucket-allocator-bucket-count=8"
    "memorysetup-profiler-bucket-allocator-block-size=33554432"
    "memorysetup-profiler-bucket-allocator-block-count=8"
    "memorysetup-profiler-allocator-block-size=16777216"
    "memorysetup-profiler-editor-allocator-block-size=1048576"
    "memorysetup-temp-allocator-size-main=16777216"
    "memorysetup-job-temp-allocator-block-size=2097152"
    "memorysetup-job-temp-allocator-block-size-background=1048576"
    "memorysetup-job-temp-allocator-reduction-small-platforms=262144"
    "memorysetup-allocator-temp-initial-block-size-main=262144"
    "memorysetup-allocator-temp-initial-block-size-worker=262144"
    "memorysetup-temp-allocator-size-background-worker=32768"
    "memorysetup-temp-allocator-size-job-worker=262144"
    "memorysetup-temp-allocator-size-preload-manager=33554432"
    "memorysetup-temp-allocator-size-nav-mesh-worker=65536"
    "memorysetup-temp-allocator-size-audio-worker=65536"
    "memorysetup-temp-allocator-size-cloud-worker=32768"
    "memorysetup-temp-allocator-size-gi-baking-worker=262144"
    "memorysetup-temp-allocator-size-gfx=262144"
Player connection [17244] Host "[IP] 172.31.208.1 [Port] 0 [Flags] 2 [Guid] 1514898211 [EditorId] 1514898211 [Version] 1048832 [Id] WindowsEditor(7,Portatil-Miguel) [Debug] 1 [PackageName] WindowsEditor [ProjectName] Editor" joined multi-casting on [225.0.0.222:54997]...

Player connection [17244] Host "[IP] 172.31.208.1 [Port] 0 [Flags] 2 [Guid] 1514898211 [EditorId] 1514898211 [Version] 1048832 [Id] WindowsEditor(7,Portatil-Miguel) [Debug] 1 [PackageName] WindowsEditor [ProjectName] Editor" joined alternative multi-casting on [225.0.0.222:34997]...

[Physics::Module] Initialized MultithreadedJobDispatcher with 11 workers.
Refreshing native plugins compatible for Editor in 8.77 ms, found 3 plugins.
Preloading 0 native plugins for Editor in 0.00 ms.
Initialize engine version: 2022.3.16f1 (d2c21f0ef2f1)
[Subsystems] Discovering subsystems at path C:/Program Files/Unity/Hub/Editor/2022.3.16f1/Editor/Data/Resources/UnitySubsystems
[Subsystems] Discovering subsystems at path C:/Users/batam/CarGame/Assets
GfxDevice: creating device client; threaded=0; jobified=0
Direct3D:
    Version:  Direct3D 11.0 [level 11.1]
    Renderer: NVIDIA GeForce RTX 3060 Laptop GPU (ID=0x2520)
    Vendor:   NVIDIA
    VRAM:     6010 MB
    Driver:   31.0.15.4665
Initialize mono
Mono path[0] = 'C:/Program Files/Unity/Hub/Editor/2022.3.16f1/Editor/Data/Managed'
Mono path[1] = 'C:/Program Files/Unity/Hub/Editor/2022.3.16f1/Editor/Data/MonoBleedingEdge/lib/mono/unityjit-win32'
Mono config path = 'C:/Program Files/Unity/Hub/Editor/2022.3.16f1/Editor/Data/MonoBleedingEdge/etc'
Using monoOptions --debugger-agent=transport=dt_socket,embedding=1,server=y,suspend=n,address=127.0.0.1:56084
Begin MonoManager ReloadAssembly
Registering precompiled unity dll's ...
Register platform support module: C:/Program Files/Unity/Hub/Editor/2022.3.16f1/Editor/Data/PlaybackEngines/WebGLSupport/UnityEditor.WebGL.Extensions.dll
Register platform support module: C:/Program Files/Unity/Hub/Editor/2022.3.16f1/Editor/Data/PlaybackEngines/WindowsStandaloneSupport/UnityEditor.WindowsStandalone.Extensions.dll
Registered in 0.008826 seconds.
- Loaded All Assemblies, in  0.350 seconds
Native extension for WindowsStandalone target not found
Native extension for WebGL target not found
Mono: successfully reloaded assembly
- Finished resetting the current domain, in  0.283 seconds
Domain Reload Profiling: 632ms
	BeginReloadAssembly (103ms)
		ExecutionOrderSort (0ms)
		DisableScriptedObjects (0ms)
		BackupInstance (0ms)
		ReleaseScriptingObjects (0ms)
		CreateAndSetChildDomain (1ms)
	RebuildCommonClasses (33ms)
	RebuildNativeTypeToScriptingClass (10ms)
	initialDomainReloadingComplete (59ms)
	LoadAllAssembliesAndSetupDomain (143ms)
		LoadAssemblies (102ms)
		RebuildTransferFunctionScriptingTraits (0ms)
		AnalyzeDomain (140ms)
			TypeCache.Refresh (139ms)
				TypeCache.ScanAssembly (123ms)
			ScanForSourceGeneratedMonoScriptInfo (0ms)
			ResolveRequiredComponents (0ms)
	FinalizeReload (284ms)
		ReleaseScriptCaches (0ms)
		RebuildScriptCaches (0ms)
		SetupLoadedEditorAssemblies (225ms)
			LogAssemblyErrors (0ms)
			InitializePlatformSupportModulesInManaged (10ms)
			SetLoadedEditorAssemblies (5ms)
			RefreshPlugins (0ms)
			BeforeProcessingInitializeOnLoad (2ms)
			ProcessInitializeOnLoadAttributes (154ms)
			ProcessInitializeOnLoadMethodAttributes (54ms)
			AfterProcessingInitializeOnLoad (0ms)
			EditorAssembliesLoaded (0ms)
		ExecutionOrderSort2 (0ms)
		AwakeInstancesAfterBackupRestoration (0ms)
========================================================================
Worker process is ready to serve import requests
Begin MonoManager ReloadAssembly
- Loaded All Assemblies, in  0.679 seconds
Refreshing native plugins compatible for Editor in 3.83 ms, found 3 plugins.
Native extension for WindowsStandalone target not found
Native extension for WebGL target not found
Package Manager log level set to [2]
[Package Manager] Server::EnsureServerProcessIsRunning -- launch failed, reason: Unity was launched with the -noUpm command-line argument
[Package Manager] UpmClient::Send -- Unable to send message (not connected to UPM process).
[Package Manager] Cannot connect to Unity Package Manager local server
Mono: successfully reloaded assembly
- Finished resetting the current domain, in  0.608 seconds
Domain Reload Profiling: 1284ms
	BeginReloadAssembly (151ms)
		ExecutionOrderSort (0ms)
		DisableScriptedObjects (6ms)
		BackupInstance (0ms)
		ReleaseScriptingObjects (0ms)
		CreateAndSetChildDomain (20ms)
	RebuildCommonClasses (42ms)
	RebuildNativeTypeToScriptingClass (12ms)
	initialDomainReloadingComplete (51ms)
	LoadAllAssembliesAndSetupDomain (419ms)
		LoadAssemblies (320ms)
		RebuildTransferFunctionScriptingTraits (0ms)
		AnalyzeDomain (188ms)
			TypeCache.Refresh (166ms)
				TypeCache.ScanAssembly (151ms)
			ScanForSourceGeneratedMonoScriptInfo (16ms)
			ResolveRequiredComponents (4ms)
	FinalizeReload (609ms)
		ReleaseScriptCaches (0ms)
		RebuildScriptCaches (0ms)
		SetupLoadedEditorAssemblies (461ms)
			LogAssemblyErrors (0ms)
			InitializePlatformSupportModulesInManaged (8ms)
			SetLoadedEditorAssemblies (3ms)
			RefreshPlugins (0ms)
			BeforeProcessingInitializeOnLoad (60ms)
			ProcessInitializeOnLoadAttributes (361ms)
			ProcessInitializeOnLoadMethodAttributes (21ms)
			AfterProcessingInitializeOnLoad (8ms)
			EditorAssembliesLoaded (0ms)
		ExecutionOrderSort2 (0ms)
		AwakeInstancesAfterBackupRestoration (6ms)
Launched and connected shader compiler UnityShaderCompiler.exe after 0.04 seconds
Refreshing native plugins compatible for Editor in 5.56 ms, found 3 plugins.
Preloading 0 native plugins for Editor in 0.00 ms.
Unloading 3482 Unused Serialized files (Serialized files now loaded: 0)
Unloading 39 unused Assets / (57.7 KB). Loaded Objects now: 3952.
Memory consumption went from 134.9 MB to 134.8 MB.
Total: 4.564900 ms (FindLiveObjects: 0.338400 ms CreateObjectMapping: 0.306800 ms MarkObjects: 3.776300 ms  DeleteObjects: 0.141600 ms)

AssetImportParameters requested are different than current active one (requested -> active):
  custom:container-demuxer-ogg: 62fdf1f143b41e24485cea50d1cbac27 -> 
  custom:video-codec-MediaFoundation-h265: 746d11721c4dcdbdad8f713fa42b33f4 -> 
  custom:video-decoder-ogg-theora: a1e56fd34408186e4bbccfd4996cb3dc -> 
  custom:framework-win-MediaFoundation: 216162199b28c13a410421893ffa2e32 -> 
  custom:CustomObjectIndexerAttribute: 43b350a4d6e6d1791af0b5038c4bea17 -> 
  custom:container-demuxer-webm: 4f35f7cbe854078d1ac9338744f61a02 -> 
  custom:container-muxer-webm: aa71ff27fc2769a1b78a27578f13a17b -> 
  custom:video-decoder-webm-vp8: 9c59270c3fd7afecdb556c50c9e8de78 -> 
  custom:SearchIndexIgnoredProperties: e643bd26f0fe6173181afceb89e7c659 -> 
  custom:AudioImporter_EditorPlatform: d09bf68614088b80899f8185d706f6e7 -> 
  custom:video-encoder-webm-vp8: eb34c28f22e8b96e1ab97ce403110664 -> 
  custom:audio-decoder-ogg-vorbis: bf7c407c2cedff20999df2af8eb42d56 -> 
  custom:audio-encoder-webm-vorbis: bf7c407c2cedff20999df2af8eb42d56 -> 
========================================================================
Received Import Request.
  Time since last request: 360354.118016 seconds.
  path: Assets/Marterials/obstacles.mat
  artifactKey: Guid(20a1abc22e9c9854dbb017c85d7b6a54) Importer(815301076,1909f56bfc062723c751e8b465ee728b)
Start importing Assets/Marterials/obstacles.mat using Guid(20a1abc22e9c9854dbb017c85d7b6a54) Importer(815301076,1909f56bfc062723c751e8b465ee728b)  -> (artifact id: '096a9d50c16fbcaea3d95a2fbe68e080') in 0.115190 seconds
Number of updated asset objects reloaded before import = 0
Number of asset objects unloaded after import = 1
========================================================================
Received Import Request.
  Time since last request: 114.353441 seconds.
  path: Assets/Bricks
  artifactKey: Guid(d7dbcbc4a35217a47984bb1c0b6dc27f) Importer(815301076,1909f56bfc062723c751e8b465ee728b)
Start importing Assets/Bricks using Guid(d7dbcbc4a35217a47984bb1c0b6dc27f) Importer(815301076,1909f56bfc062723c751e8b465ee728b)  -> (artifact id: '8c3aba80a4fa0e254c6806f046554949') in 0.000954 seconds
Number of updated asset objects reloaded before import = 0
Number of asset objects unloaded after import = 0
========================================================================
Received Import Request.
  Time since last request: 0.120422 seconds.
  path: Assets/Bricks/Bricks075B.png
  artifactKey: Guid(3714072b8ce4ac144a453a4c225b155a) Importer(815301076,1909f56bfc062723c751e8b465ee728b)
Start importing Assets/Bricks/Bricks075B.png using Guid(3714072b8ce4ac144a453a4c225b155a) Importer(815301076,1909f56bfc062723c751e8b465ee728b)  -> (artifact id: '50a10cd1e85065e06c32316d6ac8b07f') in 0.045585 seconds
Number of updated asset objects reloaded before import = 0
Number of asset objects unloaded after import = 2
========================================================================
Received Import Request.
  Time since last request: 0.000037 seconds.
  path: Assets/Bricks/Bricks075B_1K-JPG_Color.jpg
  artifactKey: Guid(4deb03574b40f1d4598f1c03259c3cc1) Importer(815301076,1909f56bfc062723c751e8b465ee728b)
Start importing Assets/Bricks/Bricks075B_1K-JPG_Color.jpg using Guid(4deb03574b40f1d4598f1c03259c3cc1) Importer(815301076,1909f56bfc062723c751e8b465ee728b)  -> (artifact id: 'd0a8033a063a8d7fe9ab1ae881079379') in 0.022672 seconds
Number of updated asset objects reloaded before import = 0
Number of asset objects unloaded after import = 2
========================================================================
Received Import Request.
  Time since last request: 0.000691 seconds.
  path: Assets/Bricks/Bricks075B_1K-JPG_NormalDX.jpg
  artifactKey: Guid(68a93a2dfd328244cab7be336e2670bd) Importer(815301076,1909f56bfc062723c751e8b465ee728b)
Start importing Assets/Bricks/Bricks075B_1K-JPG_NormalDX.jpg using Guid(68a93a2dfd328244cab7be336e2670bd) Importer(815301076,1909f56bfc062723c751e8b465ee728b)  -> (artifact id: 'e35cb165c51cb613b5b7348b232432e1') in 0.038996 seconds
Number of updated asset objects reloaded before import = 0
Number of asset objects unloaded after import = 2
========================================================================
Received Import Request.
  Time since last request: 6.513060 seconds.
  path: Assets/Bricks/Bricks075B_1K-JPG.mtlx
  artifactKey: Guid(b70629877b965ea44b95822931568699) Importer(815301076,1909f56bfc062723c751e8b465ee728b)
Start importing Assets/Bricks/Bricks075B_1K-JPG.mtlx using Guid(b70629877b965ea44b95822931568699) Importer(815301076,1909f56bfc062723c751e8b465ee728b)  -> (artifact id: '4c741e947c9f6c3c364c21aa228abeb4') in 0.001649 seconds
Number of updated asset objects reloaded before import = 0
Number of asset objects unloaded after import = 1
========================================================================
Received Import Request.
  Time since last request: 83.376813 seconds.
  path: Assets/Bricks/Materials
  artifactKey: Guid(5c35132443cca1542a12ab4fb9fd0d43) Importer(815301076,1909f56bfc062723c751e8b465ee728b)
Start importing Assets/Bricks/Materials using Guid(5c35132443cca1542a12ab4fb9fd0d43) Importer(815301076,1909f56bfc062723c751e8b465ee728b)  -> (artifact id: 'e576f1da4dcb9b70b178a90fe39c738f') in 0.000628 seconds
Number of updated asset objects reloaded before import = 0
Number of asset objects unloaded after import = 0
========================================================================
Received Import Request.
  Time since last request: 0.144765 seconds.
  path: Assets/Bricks/Materials/Bricks075B.mat
  artifactKey: Guid(35618bf57aac74e41aec06b35a22bcb1) Importer(815301076,1909f56bfc062723c751e8b465ee728b)
Start importing Assets/Bricks/Materials/Bricks075B.mat using Guid(35618bf57aac74e41aec06b35a22bcb1) Importer(815301076,1909f56bfc062723c751e8b465ee728b)  -> (artifact id: '8a0ca2e4adca3548267560409b3ef464') in 0.013267 seconds
Number of updated asset objects reloaded before import = 0
Number of asset objects unloaded after import = 2
========================================================================
Received Import Request.
  Time since last request: 151.961597 seconds.
  path: Assets/Walls
  artifactKey: Guid(45c35ecdaf9fd82499ebd1f84d71e95b) Importer(815301076,1909f56bfc062723c751e8b465ee728b)
Start importing Assets/Walls using Guid(45c35ecdaf9fd82499ebd1f84d71e95b) Importer(815301076,1909f56bfc062723c751e8b465ee728b)  -> (artifact id: '0d592ee56d675a980e385dd3b5388f6e') in 0.001006 seconds
Number of updated asset objects reloaded before import = 0
Number of asset objects unloaded after import = 0
========================================================================
Received Import Request.
  Time since last request: 37.386188 seconds.
  path: Assets/Walls/Bricks076A.png
  artifactKey: Guid(9e0f13db0ba83504482b5803e551aa34) Importer(815301076,1909f56bfc062723c751e8b465ee728b)
Start importing Assets/Walls/Bricks076A.png using Guid(9e0f13db0ba83504482b5803e551aa34) Importer(815301076,1909f56bfc062723c751e8b465ee728b)  -> (artifact id: 'b32b02f19c0be4df09cb3b46ceaaafef') in 0.035389 seconds
Number of updated asset objects reloaded before import = 0
Number of asset objects unloaded after import = 2
========================================================================
Received Import Request.
  Time since last request: 0.000024 seconds.
  path: Assets/Walls/Bricks076A_4K-PNG_NormalGL.png
  artifactKey: Guid(5096b475aea873a44bb66ed867720188) Importer(815301076,1909f56bfc062723c751e8b465ee728b)
Start importing Assets/Walls/Bricks076A_4K-PNG_NormalGL.png using Guid(5096b475aea873a44bb66ed867720188) Importer(815301076,1909f56bfc062723c751e8b465ee728b)  -> (artifact id: 'c0ad88f0e47a80a91280e9674f915b96') in 0.028597 seconds
Number of updated asset objects reloaded before import = 0
Number of asset objects unloaded after import = 2
========================================================================
Received Import Request.
  Time since last request: 0.000018 seconds.
  path: Assets/Walls/Bricks076A_4K-PNG_Roughness.png
  artifactKey: Guid(1c2cd1f8c72316b45a3a3782f68d041e) Importer(815301076,1909f56bfc062723c751e8b465ee728b)
Start importing Assets/Walls/Bricks076A_4K-PNG_Roughness.png using Guid(1c2cd1f8c72316b45a3a3782f68d041e) Importer(815301076,1909f56bfc062723c751e8b465ee728b)  -> (artifact id: '73ff74a4549071f20477d66229371ac1') in 0.020082 seconds
Number of updated asset objects reloaded before import = 0
Number of asset objects unloaded after import = 2
========================================================================
Received Import Request.
  Time since last request: 0.000019 seconds.
  path: Assets/Walls/Bricks076A_4K-PNG_NormalDX.png
  artifactKey: Guid(c88542a7eeb956b4da8b01d0dc7d2731) Importer(815301076,1909f56bfc062723c751e8b465ee728b)
Start importing Assets/Walls/Bricks076A_4K-PNG_NormalDX.png using Guid(c88542a7eeb956b4da8b01d0dc7d2731) Importer(815301076,1909f56bfc062723c751e8b465ee728b)  -> (artifact id: '4919707c6385158a2ac3e870dd8526ce') in 0.025597 seconds
Number of updated asset objects reloaded before import = 0
Number of asset objects unloaded after import = 2
========================================================================
Received Import Request.
  Time since last request: 0.000037 seconds.
  path: Assets/Walls/Bricks076A_4K-PNG_Color.png
  artifactKey: Guid(061461718eddb5c49b711b43794fa88c) Importer(815301076,1909f56bfc062723c751e8b465ee728b)
Start importing Assets/Walls/Bricks076A_4K-PNG_Color.png using Guid(061461718eddb5c49b711b43794fa88c) Importer(815301076,1909f56bfc062723c751e8b465ee728b)  -> (artifact id: '74149d99547e74179ab789813899650e') in 0.018284 seconds
Number of updated asset objects reloaded before import = 0
Number of asset objects unloaded after import = 2
========================================================================
Received Import Request.
  Time since last request: 22.838801 seconds.
  path: Assets/Walls/Materials/Bricks076A_4K-PNG_Color.mat
  artifactKey: Guid(05241669606c74d4d9e1708a5800646d) Importer(815301076,1909f56bfc062723c751e8b465ee728b)
Start importing Assets/Walls/Materials/Bricks076A_4K-PNG_Color.mat using Guid(05241669606c74d4d9e1708a5800646d) Importer(815301076,1909f56bfc062723c751e8b465ee728b)  -> (artifact id: '41e4a2f2806ac49399e0a181352994d9') in 0.021298 seconds
Number of updated asset objects reloaded before import = 0
Number of asset objects unloaded after import = 2
========================================================================
Received Import Request.
  Time since last request: 0.000017 seconds.
  path: Assets/Walls/Materials/Bricks076A_4K-PNG_Roughness.mat
  artifactKey: Guid(e651f43b078500c4badcdccad9f2d3c8) Importer(815301076,1909f56bfc062723c751e8b465ee728b)
Start importing Assets/Walls/Materials/Bricks076A_4K-PNG_Roughness.mat using Guid(e651f43b078500c4badcdccad9f2d3c8) Importer(815301076,1909f56bfc062723c751e8b465ee728b)  -> (artifact id: '4d51b783a00318292bf53da7c6193368') in 0.016548 seconds
Number of updated asset objects reloaded before import = 0
Number of asset objects unloaded after import = 2
Editor requested this worker to shutdown with reason: Scaling down because of idle timeout
TcpMessagingSession - receive error: operation aborted. errorcode: 995, details: La operación de E/S se anuló por una salida de subproceso o por una solicitud de aplicación.
AssetImportWorker is now disconnected from the server
Process exiting
Exiting without the bug reporter. Application will terminate with return code 0